voice/android/build/intermediates/manifest_merge_blame_file/release/manifest-merger-blame-release-report.txt
1<?xml version="1.0" encoding="utf-8"?>
2<manifest xmlns:android="http://schemas.android.com/apk/res/android"
3    xmlns:tools="http://schemas.android.com/tools"
4    package="com.wenkesj.voice" > <!-- Override Library if necessary -->
5    <uses-sdk
5-->src/main/AndroidManifest.xml:7:4-59
6        android:minSdkVersion="15"
7        tools:overrideLibrary="com.facebook.react" />
7-->src/main/AndroidManifest.xml:7:14-56
8
9    <!-- Required Permissions -->
10    <uses-permission android:name="android.permission.RECORD_AUDIO" />
10-->src/main/AndroidManifest.xml:11:4-70
10-->src/main/AndroidManifest.xml:11:21-67
11    <uses-permission android:name="android.permission.INTERNET" />
11-->src/main/AndroidManifest.xml:12:4-66
11-->src/main/AndroidManifest.xml:12:21-63
12
13    <!-- Intent Queries for Voice Recognition -->
14    <queries>
14-->src/main/AndroidManifest.xml:16:4-20:14
15        <intent>
15-->src/main/AndroidManifest.xml:17:8-19:17
16            <action android:name="android.speech.RecognitionService" />
16-->src/main/AndroidManifest.xml:18:12-71
16-->src/main/AndroidManifest.xml:18:20-68
17        </intent>
18    </queries>
19
20</manifest>